<?xml version="1.0" encoding="UTF-8"?>
<robot generator="Robot 6.1.1 (Python 3.10.12 on linux)" generated="20241114 14:19:53.611" rpa="false" schemaversion="4">
<suite id="s1" name="Tests" source="/home/kekknuut/palautusrepositorio/viikko3/web-login/src/tests">
<suite id="s1-s1" name="Home" source="/home/kekknuut/palautusrepositorio/viikko3/web-login/src/tests/home.robot">
<kw name="Open And Configure Browser" library="resource" type="SETUP">
<if>
<branch type="IF" condition="$BROWSER == 'chrome'">
<kw name="Evaluate" library="BuiltIn">
<var>${options}</var>
<arg>sys.modules['selenium.webdriver'].ChromeOptions()</arg>
<arg>sys</arg>
<doc>Evaluates the given expression in Python and returns the result.</doc>
<msg timestamp="20241114 14:19:53.861" level="INFO">${options} = &lt;selenium.webdriver.chrome.options.Options object at 0x7f25af637af0&gt;</msg>
<status status="PASS" starttime="20241114 14:19:53.860" endtime="20241114 14:19:53.861"/>
</kw>
<status status="PASS" starttime="20241114 14:19:53.844" endtime="20241114 14:19:53.861"/>
</branch>
<branch type="ELSE IF" condition="$BROWSER == 'firefox'">
<kw name="Evaluate" library="BuiltIn">
<var>${options}</var>
<arg>sys.modules['selenium.webdriver'].FirefoxOptions()</arg>
<arg>sys</arg>
<doc>Evaluates the given expression in Python and returns the result.</doc>
<status status="NOT RUN" starttime="20241114 14:19:53.861" endtime="20241114 14:19:53.861"/>
</kw>
<status status="NOT RUN" starttime="20241114 14:19:53.861" endtime="20241114 14:19:53.861"/>
</branch>
<status status="PASS" starttime="20241114 14:19:53.844" endtime="20241114 14:19:53.861"/>
</if>
<if>
<branch type="IF" condition="$HEADLESS == 'true'">
<kw name="Set Selenium Speed" library="SeleniumLibrary">
<arg>0</arg>
<doc>Sets the delay that is waited after each Selenium command.</doc>
<status status="NOT RUN" starttime="20241114 14:19:53.861" endtime="20241114 14:19:53.861"/>
</kw>
<kw name="Call Method" library="BuiltIn">
<arg>${options}</arg>
<arg>add_argument</arg>
<arg>--headless</arg>
<doc>Calls the named method of the given object with the provided arguments.</doc>
<status status="NOT RUN" starttime="20241114 14:19:53.861" endtime="20241114 14:19:53.861"/>
</kw>
<status status="NOT RUN" starttime="20241114 14:19:53.861" endtime="20241114 14:19:53.861"/>
</branch>
<branch type="ELSE">
<kw name="Set Selenium Speed" library="SeleniumLibrary">
<arg>${DELAY}</arg>
<doc>Sets the delay that is waited after each Selenium command.</doc>
<status status="PASS" starttime="20241114 14:19:53.862" endtime="20241114 14:19:53.862"/>
</kw>
<status status="PASS" starttime="20241114 14:19:53.861" endtime="20241114 14:19:53.862"/>
</branch>
<status status="PASS" starttime="20241114 14:19:53.861" endtime="20241114 14:19:53.862"/>
</if>
<kw name="Open Browser" library="SeleniumLibrary">
<arg>browser=${BROWSER}</arg>
<arg>options=${options}</arg>
<doc>Opens a new browser instance to the optional ``url``.</doc>
<msg timestamp="20241114 14:19:53.862" level="INFO">Opening browser 'chrome' to base url 'None'.</msg>
<msg timestamp="20241114 14:19:53.927" level="WARN">The chromedriver version (130.0.6723.91) detected in PATH at /usr/bin/chromedriver might not be compatible with the detected chrome version (131.0.6778.69); currently, chromedriver 131.0.6778.69 is recommended for chrome 131.*, so it is advised to delete the driver in PATH and retry</msg>
<status status="PASS" starttime="20241114 14:19:53.862" endtime="20241114 14:19:54.430"/>
</kw>
<status status="PASS" starttime="20241114 14:19:53.844" endtime="20241114 14:19:54.430"/>
</kw>
<test id="s1-s1-t1" name="Click Login Link" line="8">
<kw name="Reset Application And Go To Starting Page" type="SETUP">
<kw name="Reset Application" library="AppLibrary">
<status status="PASS" starttime="20241114 14:19:54.431" endtime="20241114 14:19:54.435"/>
</kw>
<kw name="Go To Starting Page" library="resource">
<kw name="Go To" library="SeleniumLibrary">
<arg>${HOME_URL}</arg>
<doc>Navigates the current browser window to the provided ``url``.</doc>
<msg timestamp="20241114 14:19:54.437" level="INFO">Opening url 'http://localhost:5001'</msg>
<status status="PASS" starttime="20241114 14:19:54.436" endtime="20241114 14:19:55.000"/>
</kw>
<status status="PASS" starttime="20241114 14:19:54.436" endtime="20241114 14:19:55.000"/>
</kw>
<status status="PASS" starttime="20241114 14:19:54.430" endtime="20241114 14:19:55.000"/>
</kw>
<kw name="Click Link" library="SeleniumLibrary">
<arg>Login</arg>
<doc>Clicks a link identified by ``locator``.</doc>
<msg timestamp="20241114 14:19:55.002" level="INFO">Clicking link 'Login'.</msg>
<status status="PASS" starttime="20241114 14:19:55.001" endtime="20241114 14:19:56.605"/>
</kw>
<kw name="Login Page Should Be Open" library="resource">
<kw name="Title Should Be" library="SeleniumLibrary">
<arg>Login</arg>
<doc>Verifies that the current page title equals ``title``.</doc>
<msg timestamp="20241114 14:19:57.115" level="INFO">Page title is 'Login'.</msg>
<status status="PASS" starttime="20241114 14:19:56.606" endtime="20241114 14:19:57.116"/>
</kw>
<status status="PASS" starttime="20241114 14:19:56.605" endtime="20241114 14:19:57.116"/>
</kw>
<status status="PASS" starttime="20241114 14:19:54.430" endtime="20241114 14:19:57.116"/>
</test>
<test id="s1-s1-t2" name="Click Register Link" line="12">
<kw name="Reset Application And Go To Starting Page" type="SETUP">
<kw name="Reset Application" library="AppLibrary">
<status status="PASS" starttime="20241114 14:19:57.118" endtime="20241114 14:19:57.123"/>
</kw>
<kw name="Go To Starting Page" library="resource">
<kw name="Go To" library="SeleniumLibrary">
<arg>${HOME_URL}</arg>
<doc>Navigates the current browser window to the provided ``url``.</doc>
<msg timestamp="20241114 14:19:57.125" level="INFO">Opening url 'http://localhost:5001'</msg>
<status status="PASS" starttime="20241114 14:19:57.124" endtime="20241114 14:19:57.649"/>
</kw>
<status status="PASS" starttime="20241114 14:19:57.124" endtime="20241114 14:19:57.650"/>
</kw>
<status status="PASS" starttime="20241114 14:19:57.118" endtime="20241114 14:19:57.650"/>
</kw>
<kw name="Click Link" library="SeleniumLibrary">
<arg>Register new user</arg>
<doc>Clicks a link identified by ``locator``.</doc>
<msg timestamp="20241114 14:19:57.651" level="INFO">Clicking link 'Register new user'.</msg>
<status status="PASS" starttime="20241114 14:19:57.650" endtime="20241114 14:19:59.230"/>
</kw>
<kw name="Register Page Should Be Open" library="resource">
<kw name="Title Should Be" library="SeleniumLibrary">
<arg>Register</arg>
<doc>Verifies that the current page title equals ``title``.</doc>
<msg timestamp="20241114 14:19:59.739" level="INFO">Page title is 'Register'.</msg>
<status status="PASS" starttime="20241114 14:19:59.231" endtime="20241114 14:19:59.739"/>
</kw>
<status status="PASS" starttime="20241114 14:19:59.230" endtime="20241114 14:19:59.739"/>
</kw>
<status status="PASS" starttime="20241114 14:19:57.117" endtime="20241114 14:19:59.739"/>
</test>
<kw name="Close Browser" library="SeleniumLibrary" type="TEARDOWN">
<doc>Closes the current browser.</doc>
<status status="PASS" starttime="20241114 14:19:59.741" endtime="20241114 14:20:00.307"/>
</kw>
<status status="PASS" starttime="20241114 14:19:53.628" endtime="20241114 14:20:00.307"/>
</suite>
<suite id="s1-s2" name="Login" source="/home/kekknuut/palautusrepositorio/viikko3/web-login/src/tests/login.robot">
<kw name="Open And Configure Browser" library="resource" type="SETUP">
<if>
<branch type="IF" condition="$BROWSER == 'chrome'">
<kw name="Evaluate" library="BuiltIn">
<var>${options}</var>
<arg>sys.modules['selenium.webdriver'].ChromeOptions()</arg>
<arg>sys</arg>
<doc>Evaluates the given expression in Python and returns the result.</doc>
<msg timestamp="20241114 14:20:00.317" level="INFO">${options} = &lt;selenium.webdriver.chrome.options.Options object at 0x7f25aeec35e0&gt;</msg>
<status status="PASS" starttime="20241114 14:20:00.317" endtime="20241114 14:20:00.317"/>
</kw>
<status status="PASS" starttime="20241114 14:20:00.316" endtime="20241114 14:20:00.317"/>
</branch>
<branch type="ELSE IF" condition="$BROWSER == 'firefox'">
<kw name="Evaluate" library="BuiltIn">
<var>${options}</var>
<arg>sys.modules['selenium.webdriver'].FirefoxOptions()</arg>
<arg>sys</arg>
<doc>Evaluates the given expression in Python and returns the result.</doc>
<status status="NOT RUN" starttime="20241114 14:20:00.318" endtime="20241114 14:20:00.318"/>
</kw>
<status status="NOT RUN" starttime="20241114 14:20:00.318" endtime="20241114 14:20:00.318"/>
</branch>
<status status="PASS" starttime="20241114 14:20:00.316" endtime="20241114 14:20:00.318"/>
</if>
<if>
<branch type="IF" condition="$HEADLESS == 'true'">
<kw name="Set Selenium Speed" library="SeleniumLibrary">
<arg>0</arg>
<doc>Sets the delay that is waited after each Selenium command.</doc>
<status status="NOT RUN" starttime="20241114 14:20:00.319" endtime="20241114 14:20:00.319"/>
</kw>
<kw name="Call Method" library="BuiltIn">
<arg>${options}</arg>
<arg>add_argument</arg>
<arg>--headless</arg>
<doc>Calls the named method of the given object with the provided arguments.</doc>
<status status="NOT RUN" starttime="20241114 14:20:00.319" endtime="20241114 14:20:00.319"/>
</kw>
<status status="NOT RUN" starttime="20241114 14:20:00.318" endtime="20241114 14:20:00.319"/>
</branch>
<branch type="ELSE">
<kw name="Set Selenium Speed" library="SeleniumLibrary">
<arg>${DELAY}</arg>
<doc>Sets the delay that is waited after each Selenium command.</doc>
<status status="PASS" starttime="20241114 14:20:00.319" endtime="20241114 14:20:00.320"/>
</kw>
<status status="PASS" starttime="20241114 14:20:00.319" endtime="20241114 14:20:00.320"/>
</branch>
<status status="PASS" starttime="20241114 14:20:00.318" endtime="20241114 14:20:00.320"/>
</if>
<kw name="Open Browser" library="SeleniumLibrary">
<arg>browser=${BROWSER}</arg>
<arg>options=${options}</arg>
<doc>Opens a new browser instance to the optional ``url``.</doc>
<msg timestamp="20241114 14:20:00.321" level="INFO">Opening browser 'chrome' to base url 'None'.</msg>
<msg timestamp="20241114 14:20:00.399" level="WARN">The chromedriver version (130.0.6723.91) detected in PATH at /usr/bin/chromedriver might not be compatible with the detected chrome version (131.0.6778.69); currently, chromedriver 131.0.6778.69 is recommended for chrome 131.*, so it is advised to delete the driver in PATH and retry</msg>
<status status="PASS" starttime="20241114 14:20:00.320" endtime="20241114 14:20:00.915"/>
</kw>
<status status="PASS" starttime="20241114 14:20:00.316" endtime="20241114 14:20:00.915"/>
</kw>
<test id="s1-s2-t1" name="Login With Correct Credentials" line="8">
<kw name="Reset Application Create User And Go To Login Page" type="SETUP">
<kw name="Reset Application" library="AppLibrary">
<status status="PASS" starttime="20241114 14:20:00.916" endtime="20241114 14:20:00.920"/>
</kw>
<kw name="Create User" library="AppLibrary">
<arg>kalle</arg>
<arg>kalle123</arg>
<status status="PASS" starttime="20241114 14:20:00.920" endtime="20241114 14:20:00.930"/>
</kw>
<kw name="Go To Login Page" library="resource">
<kw name="Go To" library="SeleniumLibrary">
<arg>${LOGIN_URL}</arg>
<doc>Navigates the current browser window to the provided ``url``.</doc>
<msg timestamp="20241114 14:20:00.930" level="INFO">Opening url 'http://localhost:5001/login'</msg>
<status status="PASS" starttime="20241114 14:20:00.930" endtime="20241114 14:20:01.478"/>
</kw>
<status status="PASS" starttime="20241114 14:20:00.930" endtime="20241114 14:20:01.478"/>
</kw>
<status status="PASS" starttime="20241114 14:20:00.916" endtime="20241114 14:20:01.478"/>
</kw>
<kw name="Set Username">
<arg>kalle</arg>
<kw name="Input Text" library="SeleniumLibrary">
<arg>username</arg>
<arg>${username}</arg>
<doc>Types the given ``text`` into the text field identified by ``locator``.</doc>
<msg timestamp="20241114 14:20:01.480" level="INFO">Typing text 'kalle' into text field 'username'.</msg>
<status status="PASS" starttime="20241114 14:20:01.479" endtime="20241114 14:20:03.108"/>
</kw>
<status status="PASS" starttime="20241114 14:20:01.478" endtime="20241114 14:20:03.108"/>
</kw>
<kw name="Set Password">
<arg>kalle123</arg>
<kw name="Input Password" library="SeleniumLibrary">
<arg>password</arg>
<arg>${password}</arg>
<doc>Types the given password into the text field identified by ``locator``.</doc>
<msg timestamp="20241114 14:20:03.110" level="INFO">Typing password into text field 'password'.</msg>
<msg timestamp="20241114 14:20:04.155" level="INFO">Temporally setting log level to: NONE</msg>
<msg timestamp="20241114 14:20:04.691" level="INFO">Log level changed from NONE to INFO.</msg>
<status status="PASS" starttime="20241114 14:20:03.109" endtime="20241114 14:20:04.691"/>
</kw>
<status status="PASS" starttime="20241114 14:20:03.109" endtime="20241114 14:20:04.691"/>
</kw>
<kw name="Submit Credentials">
<kw name="Click Button" library="SeleniumLibrary">
<arg>Login</arg>
<doc>Clicks the button identified by ``locator``.</doc>
<msg timestamp="20241114 14:20:04.693" level="INFO">Clicking button 'Login'.</msg>
<status status="PASS" starttime="20241114 14:20:04.692" endtime="20241114 14:20:06.832"/>
</kw>
<status status="PASS" starttime="20241114 14:20:04.692" endtime="20241114 14:20:06.832"/>
</kw>
<kw name="Login Should Succeed">
<kw name="Main Page Should Be Open" library="resource">
<kw name="Title Should Be" library="SeleniumLibrary">
<arg>Ohtu Application main page</arg>
<doc>Verifies that the current page title equals ``title``.</doc>
<msg timestamp="20241114 14:20:07.945" level="INFO" html="true">&lt;/td&gt;&lt;/tr&gt;&lt;tr&gt;&lt;td colspan="3"&gt;&lt;a href="selenium-screenshot-5.png"&gt;&lt;img src="selenium-screenshot-5.png" width="800px"&gt;&lt;/a&gt;</msg>
<msg timestamp="20241114 14:20:07.946" level="FAIL">Title should have been 'Ohtu Application main page' but was 'localhost'.</msg>
<status status="FAIL" starttime="20241114 14:20:06.834" endtime="20241114 14:20:07.954"/>
</kw>
<status status="FAIL" starttime="20241114 14:20:06.834" endtime="20241114 14:20:07.955"/>
</kw>
<status status="FAIL" starttime="20241114 14:20:06.833" endtime="20241114 14:20:07.955"/>
</kw>
<status status="FAIL" starttime="20241114 14:20:00.915" endtime="20241114 14:20:07.955">Title should have been 'Ohtu Application main page' but was 'localhost'.</status>
</test>
<test id="s1-s2-t2" name="Login With Incorrect Password" line="14">
<kw name="Reset Application Create User And Go To Login Page" type="SETUP">
<kw name="Reset Application" library="AppLibrary">
<msg timestamp="20241114 14:20:07.959" level="FAIL">ConnectionError: HTTPConnectionPool(host='localhost', port=5001): Max retries exceeded with url: /tests/reset (Caused by NewConnectionError('&lt;urllib3.connection.HTTPConnection object at 0x7f25aed7c760&gt;: Failed to establish a new connection: [Errno 111] Connection refused'))</msg>
<status status="FAIL" starttime="20241114 14:20:07.957" endtime="20241114 14:20:07.965"/>
</kw>
<kw name="Create User" library="AppLibrary">
<arg>kalle</arg>
<arg>kalle123</arg>
<status status="NOT RUN" starttime="20241114 14:20:07.965" endtime="20241114 14:20:07.965"/>
</kw>
<kw name="Go To Login Page" library="resource">
<status status="NOT RUN" starttime="20241114 14:20:07.965" endtime="20241114 14:20:07.966"/>
</kw>
<status status="FAIL" starttime="20241114 14:20:07.957" endtime="20241114 14:20:07.966"/>
</kw>
<status status="FAIL" starttime="20241114 14:20:07.956" endtime="20241114 14:20:07.966">Setup failed:
ConnectionError: HTTPConnectionPool(host='localhost', port=5001): Max retries exceeded with url: /tests/reset (Caused by NewConnectionError('&lt;urllib3.connection.HTTPConnection object at 0x7f25aed7c760&gt;: Failed to establish a new connection: [Errno 111] Connection refused'))</status>
</test>
<test id="s1-s2-t3" name="Login With Nonexistent Username" line="20">
<kw name="Reset Application Create User And Go To Login Page" type="SETUP">
<kw name="Reset Application" library="AppLibrary">
<msg timestamp="20241114 14:20:07.969" level="FAIL">ConnectionError: HTTPConnectionPool(host='localhost', port=5001): Max retries exceeded with url: /tests/reset (Caused by NewConnectionError('&lt;urllib3.connection.HTTPConnection object at 0x7f25aeec2da0&gt;: Failed to establish a new connection: [Errno 111] Connection refused'))</msg>
<status status="FAIL" starttime="20241114 14:20:07.968" endtime="20241114 14:20:07.970"/>
</kw>
<kw name="Create User" library="AppLibrary">
<arg>kalle</arg>
<arg>kalle123</arg>
<status status="NOT RUN" starttime="20241114 14:20:07.970" endtime="20241114 14:20:07.970"/>
</kw>
<kw name="Go To Login Page" library="resource">
<status status="NOT RUN" starttime="20241114 14:20:07.970" endtime="20241114 14:20:07.970"/>
</kw>
<status status="FAIL" starttime="20241114 14:20:07.967" endtime="20241114 14:20:07.970"/>
</kw>
<status status="FAIL" starttime="20241114 14:20:07.967" endtime="20241114 14:20:07.970">Setup failed:
ConnectionError: HTTPConnectionPool(host='localhost', port=5001): Max retries exceeded with url: /tests/reset (Caused by NewConnectionError('&lt;urllib3.connection.HTTPConnection object at 0x7f25aeec2da0&gt;: Failed to establish a new connection: [Errno 111] Connection refused'))</status>
</test>
<kw name="Close Browser" library="SeleniumLibrary" type="TEARDOWN">
<doc>Closes the current browser.</doc>
<status status="PASS" starttime="20241114 14:20:07.971" endtime="20241114 14:20:08.529"/>
</kw>
<status status="FAIL" starttime="20241114 14:20:00.309" endtime="20241114 14:20:08.529"/>
</suite>
<suite id="s1-s3" name="Register" source="/home/kekknuut/palautusrepositorio/viikko3/web-login/src/tests/register.robot">
<kw name="Open And Configure Browser" library="resource" type="SETUP">
<if>
<branch type="IF" condition="$BROWSER == 'chrome'">
<kw name="Evaluate" library="BuiltIn">
<var>${options}</var>
<arg>sys.modules['selenium.webdriver'].ChromeOptions()</arg>
<arg>sys</arg>
<doc>Evaluates the given expression in Python and returns the result.</doc>
<msg timestamp="20241114 14:20:08.540" level="INFO">${options} = &lt;selenium.webdriver.chrome.options.Options object at 0x7f25aed7fc10&gt;</msg>
<status status="PASS" starttime="20241114 14:20:08.540" endtime="20241114 14:20:08.540"/>
</kw>
<status status="PASS" starttime="20241114 14:20:08.539" endtime="20241114 14:20:08.540"/>
</branch>
<branch type="ELSE IF" condition="$BROWSER == 'firefox'">
<kw name="Evaluate" library="BuiltIn">
<var>${options}</var>
<arg>sys.modules['selenium.webdriver'].FirefoxOptions()</arg>
<arg>sys</arg>
<doc>Evaluates the given expression in Python and returns the result.</doc>
<status status="NOT RUN" starttime="20241114 14:20:08.541" endtime="20241114 14:20:08.541"/>
</kw>
<status status="NOT RUN" starttime="20241114 14:20:08.540" endtime="20241114 14:20:08.541"/>
</branch>
<status status="PASS" starttime="20241114 14:20:08.539" endtime="20241114 14:20:08.541"/>
</if>
<if>
<branch type="IF" condition="$HEADLESS == 'true'">
<kw name="Set Selenium Speed" library="SeleniumLibrary">
<arg>0</arg>
<doc>Sets the delay that is waited after each Selenium command.</doc>
<status status="NOT RUN" starttime="20241114 14:20:08.542" endtime="20241114 14:20:08.542"/>
</kw>
<kw name="Call Method" library="BuiltIn">
<arg>${options}</arg>
<arg>add_argument</arg>
<arg>--headless</arg>
<doc>Calls the named method of the given object with the provided arguments.</doc>
<status status="NOT RUN" starttime="20241114 14:20:08.542" endtime="20241114 14:20:08.542"/>
</kw>
<status status="NOT RUN" starttime="20241114 14:20:08.541" endtime="20241114 14:20:08.542"/>
</branch>
<branch type="ELSE">
<kw name="Set Selenium Speed" library="SeleniumLibrary">
<arg>${DELAY}</arg>
<doc>Sets the delay that is waited after each Selenium command.</doc>
<status status="PASS" starttime="20241114 14:20:08.543" endtime="20241114 14:20:08.543"/>
</kw>
<status status="PASS" starttime="20241114 14:20:08.542" endtime="20241114 14:20:08.544"/>
</branch>
<status status="PASS" starttime="20241114 14:20:08.541" endtime="20241114 14:20:08.544"/>
</if>
<kw name="Open Browser" library="SeleniumLibrary">
<arg>browser=${BROWSER}</arg>
<arg>options=${options}</arg>
<doc>Opens a new browser instance to the optional ``url``.</doc>
<msg timestamp="20241114 14:20:08.545" level="INFO">Opening browser 'chrome' to base url 'None'.</msg>
<msg timestamp="20241114 14:20:08.612" level="WARN">The chromedriver version (130.0.6723.91) detected in PATH at /usr/bin/chromedriver might not be compatible with the detected chrome version (131.0.6778.69); currently, chromedriver 131.0.6778.69 is recommended for chrome 131.*, so it is advised to delete the driver in PATH and retry</msg>
<status status="PASS" starttime="20241114 14:20:08.544" endtime="20241114 14:20:09.108"/>
</kw>
<status status="PASS" starttime="20241114 14:20:08.539" endtime="20241114 14:20:09.108"/>
</kw>
<test id="s1-s3-t1" name="Register With Valid Username And Password" line="9">
<kw name="Reset Application Create User And Go To Register Page" type="SETUP">
<kw name="Reset Application" library="AppLibrary">
<msg timestamp="20241114 14:20:09.110" level="FAIL">ConnectionError: HTTPConnectionPool(host='localhost', port=5001): Max retries exceeded with url: /tests/reset (Caused by NewConnectionError('&lt;urllib3.connection.HTTPConnection object at 0x7f25aed7fdc0&gt;: Failed to establish a new connection: [Errno 111] Connection refused'))</msg>
<status status="FAIL" starttime="20241114 14:20:09.109" endtime="20241114 14:20:09.111"/>
</kw>
<kw name="Create User" library="AppLibrary">
<arg>kalle</arg>
<arg>kalle123</arg>
<status status="NOT RUN" starttime="20241114 14:20:09.111" endtime="20241114 14:20:09.111"/>
</kw>
<kw name="Go To Register Page" library="resource">
<status status="NOT RUN" starttime="20241114 14:20:09.111" endtime="20241114 14:20:09.111"/>
</kw>
<status status="FAIL" starttime="20241114 14:20:09.109" endtime="20241114 14:20:09.111"/>
</kw>
<status status="FAIL" starttime="20241114 14:20:09.108" endtime="20241114 14:20:09.111">Setup failed:
ConnectionError: HTTPConnectionPool(host='localhost', port=5001): Max retries exceeded with url: /tests/reset (Caused by NewConnectionError('&lt;urllib3.connection.HTTPConnection object at 0x7f25aed7fdc0&gt;: Failed to establish a new connection: [Errno 111] Connection refused'))</status>
</test>
<test id="s1-s3-t2" name="Register With Too Short Username And Valid Password" line="16">
<kw name="Reset Application Create User And Go To Register Page" type="SETUP">
<kw name="Reset Application" library="AppLibrary">
<msg timestamp="20241114 14:20:09.113" level="FAIL">ConnectionError: HTTPConnectionPool(host='localhost', port=5001): Max retries exceeded with url: /tests/reset (Caused by NewConnectionError('&lt;urllib3.connection.HTTPConnection object at 0x7f25aec55660&gt;: Failed to establish a new connection: [Errno 111] Connection refused'))</msg>
<status status="FAIL" starttime="20241114 14:20:09.112" endtime="20241114 14:20:09.113"/>
</kw>
<kw name="Create User" library="AppLibrary">
<arg>kalle</arg>
<arg>kalle123</arg>
<status status="NOT RUN" starttime="20241114 14:20:09.114" endtime="20241114 14:20:09.114"/>
</kw>
<kw name="Go To Register Page" library="resource">
<status status="NOT RUN" starttime="20241114 14:20:09.114" endtime="20241114 14:20:09.114"/>
</kw>
<status status="FAIL" starttime="20241114 14:20:09.112" endtime="20241114 14:20:09.114"/>
</kw>
<status status="FAIL" starttime="20241114 14:20:09.111" endtime="20241114 14:20:09.114">Setup failed:
ConnectionError: HTTPConnectionPool(host='localhost', port=5001): Max retries exceeded with url: /tests/reset (Caused by NewConnectionError('&lt;urllib3.connection.HTTPConnection object at 0x7f25aec55660&gt;: Failed to establish a new connection: [Errno 111] Connection refused'))</status>
</test>
<test id="s1-s3-t3" name="Register With Valid Username And Too Short Password" line="23">
<kw name="Reset Application Create User And Go To Register Page" type="SETUP">
<kw name="Reset Application" library="AppLibrary">
<msg timestamp="20241114 14:20:09.118" level="FAIL">ConnectionError: HTTPConnectionPool(host='localhost', port=5001): Max retries exceeded with url: /tests/reset (Caused by NewConnectionError('&lt;urllib3.connection.HTTPConnection object at 0x7f25aed7f3d0&gt;: Failed to establish a new connection: [Errno 111] Connection refused'))</msg>
<status status="FAIL" starttime="20241114 14:20:09.115" endtime="20241114 14:20:09.118"/>
</kw>
<kw name="Create User" library="AppLibrary">
<arg>kalle</arg>
<arg>kalle123</arg>
<status status="NOT RUN" starttime="20241114 14:20:09.119" endtime="20241114 14:20:09.119"/>
</kw>
<kw name="Go To Register Page" library="resource">
<status status="NOT RUN" starttime="20241114 14:20:09.119" endtime="20241114 14:20:09.119"/>
</kw>
<status status="FAIL" starttime="20241114 14:20:09.115" endtime="20241114 14:20:09.120"/>
</kw>
<status status="FAIL" starttime="20241114 14:20:09.114" endtime="20241114 14:20:09.120">Setup failed:
ConnectionError: HTTPConnectionPool(host='localhost', port=5001): Max retries exceeded with url: /tests/reset (Caused by NewConnectionError('&lt;urllib3.connection.HTTPConnection object at 0x7f25aed7f3d0&gt;: Failed to establish a new connection: [Errno 111] Connection refused'))</status>
</test>
<test id="s1-s3-t4" name="Register With Valid Username And Invalid Password" line="30">
<kw name="Reset Application Create User And Go To Register Page" type="SETUP">
<kw name="Reset Application" library="AppLibrary">
<msg timestamp="20241114 14:20:09.123" level="FAIL">ConnectionError: HTTPConnectionPool(host='localhost', port=5001): Max retries exceeded with url: /tests/reset (Caused by NewConnectionError('&lt;urllib3.connection.HTTPConnection object at 0x7f25aec54790&gt;: Failed to establish a new connection: [Errno 111] Connection refused'))</msg>
<status status="FAIL" starttime="20241114 14:20:09.122" endtime="20241114 14:20:09.124"/>
</kw>
<kw name="Create User" library="AppLibrary">
<arg>kalle</arg>
<arg>kalle123</arg>
<status status="NOT RUN" starttime="20241114 14:20:09.124" endtime="20241114 14:20:09.124"/>
</kw>
<kw name="Go To Register Page" library="resource">
<status status="NOT RUN" starttime="20241114 14:20:09.124" endtime="20241114 14:20:09.124"/>
</kw>
<status status="FAIL" starttime="20241114 14:20:09.121" endtime="20241114 14:20:09.124"/>
</kw>
<status status="FAIL" starttime="20241114 14:20:09.121" endtime="20241114 14:20:09.124">Setup failed:
ConnectionError: HTTPConnectionPool(host='localhost', port=5001): Max retries exceeded with url: /tests/reset (Caused by NewConnectionError('&lt;urllib3.connection.HTTPConnection object at 0x7f25aec54790&gt;: Failed to establish a new connection: [Errno 111] Connection refused'))</status>
</test>
<test id="s1-s3-t5" name="Register With Nonmatching Password And Password Confirmation" line="37">
<kw name="Reset Application Create User And Go To Register Page" type="SETUP">
<kw name="Reset Application" library="AppLibrary">
<msg timestamp="20241114 14:20:09.127" level="FAIL">ConnectionError: HTTPConnectionPool(host='localhost', port=5001): Max retries exceeded with url: /tests/reset (Caused by NewConnectionError('&lt;urllib3.connection.HTTPConnection object at 0x7f25aed7e890&gt;: Failed to establish a new connection: [Errno 111] Connection refused'))</msg>
<status status="FAIL" starttime="20241114 14:20:09.125" endtime="20241114 14:20:09.127"/>
</kw>
<kw name="Create User" library="AppLibrary">
<arg>kalle</arg>
<arg>kalle123</arg>
<status status="NOT RUN" starttime="20241114 14:20:09.127" endtime="20241114 14:20:09.127"/>
</kw>
<kw name="Go To Register Page" library="resource">
<status status="NOT RUN" starttime="20241114 14:20:09.127" endtime="20241114 14:20:09.127"/>
</kw>
<status status="FAIL" starttime="20241114 14:20:09.125" endtime="20241114 14:20:09.127"/>
</kw>
<status status="FAIL" starttime="20241114 14:20:09.125" endtime="20241114 14:20:09.127">Setup failed:
ConnectionError: HTTPConnectionPool(host='localhost', port=5001): Max retries exceeded with url: /tests/reset (Caused by NewConnectionError('&lt;urllib3.connection.HTTPConnection object at 0x7f25aed7e890&gt;: Failed to establish a new connection: [Errno 111] Connection refused'))</status>
</test>
<test id="s1-s3-t6" name="Register With Username That Is Already In Use" line="44">
<kw name="Reset Application Create User And Go To Register Page" type="SETUP">
<kw name="Reset Application" library="AppLibrary">
<msg timestamp="20241114 14:20:09.129" level="FAIL">ConnectionError: HTTPConnectionPool(host='localhost', port=5001): Max retries exceeded with url: /tests/reset (Caused by NewConnectionError('&lt;urllib3.connection.HTTPConnection object at 0x7f25aec54490&gt;: Failed to establish a new connection: [Errno 111] Connection refused'))</msg>
<status status="FAIL" starttime="20241114 14:20:09.128" endtime="20241114 14:20:09.130"/>
</kw>
<kw name="Create User" library="AppLibrary">
<arg>kalle</arg>
<arg>kalle123</arg>
<status status="NOT RUN" starttime="20241114 14:20:09.130" endtime="20241114 14:20:09.130"/>
</kw>
<kw name="Go To Register Page" library="resource">
<status status="NOT RUN" starttime="20241114 14:20:09.130" endtime="20241114 14:20:09.130"/>
</kw>
<status status="FAIL" starttime="20241114 14:20:09.128" endtime="20241114 14:20:09.130"/>
</kw>
<status status="FAIL" starttime="20241114 14:20:09.128" endtime="20241114 14:20:09.130">Setup failed:
ConnectionError: HTTPConnectionPool(host='localhost', port=5001): Max retries exceeded with url: /tests/reset (Caused by NewConnectionError('&lt;urllib3.connection.HTTPConnection object at 0x7f25aec54490&gt;: Failed to establish a new connection: [Errno 111] Connection refused'))</status>
</test>
<test id="s1-s3-t7" name="Login After Successful Registration" line="51">
<kw name="Reset Application Create User And Go To Register Page" type="SETUP">
<kw name="Reset Application" library="AppLibrary">
<msg timestamp="20241114 14:20:09.132" level="FAIL">ConnectionError: HTTPConnectionPool(host='localhost', port=5001): Max retries exceeded with url: /tests/reset (Caused by NewConnectionError('&lt;urllib3.connection.HTTPConnection object at 0x7f25aec57370&gt;: Failed to establish a new connection: [Errno 111] Connection refused'))</msg>
<status status="FAIL" starttime="20241114 14:20:09.131" endtime="20241114 14:20:09.132"/>
</kw>
<kw name="Create User" library="AppLibrary">
<arg>kalle</arg>
<arg>kalle123</arg>
<status status="NOT RUN" starttime="20241114 14:20:09.132" endtime="20241114 14:20:09.132"/>
</kw>
<kw name="Go To Register Page" library="resource">
<status status="NOT RUN" starttime="20241114 14:20:09.133" endtime="20241114 14:20:09.133"/>
</kw>
<status status="FAIL" starttime="20241114 14:20:09.131" endtime="20241114 14:20:09.133"/>
</kw>
<status status="FAIL" starttime="20241114 14:20:09.130" endtime="20241114 14:20:09.133">Setup failed:
ConnectionError: HTTPConnectionPool(host='localhost', port=5001): Max retries exceeded with url: /tests/reset (Caused by NewConnectionError('&lt;urllib3.connection.HTTPConnection object at 0x7f25aec57370&gt;: Failed to establish a new connection: [Errno 111] Connection refused'))</status>
</test>
<test id="s1-s3-t8" name="Login After Failed Registration" line="62">
<kw name="Reset Application Create User And Go To Register Page" type="SETUP">
<kw name="Reset Application" library="AppLibrary">
<msg timestamp="20241114 14:20:09.136" level="FAIL">ConnectionError: HTTPConnectionPool(host='localhost', port=5001): Max retries exceeded with url: /tests/reset (Caused by NewConnectionError('&lt;urllib3.connection.HTTPConnection object at 0x7f25aec55600&gt;: Failed to establish a new connection: [Errno 111] Connection refused'))</msg>
<status status="FAIL" starttime="20241114 14:20:09.134" endtime="20241114 14:20:09.136"/>
</kw>
<kw name="Create User" library="AppLibrary">
<arg>kalle</arg>
<arg>kalle123</arg>
<status status="NOT RUN" starttime="20241114 14:20:09.137" endtime="20241114 14:20:09.137"/>
</kw>
<kw name="Go To Register Page" library="resource">
<status status="NOT RUN" starttime="20241114 14:20:09.137" endtime="20241114 14:20:09.137"/>
</kw>
<status status="FAIL" starttime="20241114 14:20:09.134" endtime="20241114 14:20:09.137"/>
</kw>
<status status="FAIL" starttime="20241114 14:20:09.133" endtime="20241114 14:20:09.137">Setup failed:
ConnectionError: HTTPConnectionPool(host='localhost', port=5001): Max retries exceeded with url: /tests/reset (Caused by NewConnectionError('&lt;urllib3.connection.HTTPConnection object at 0x7f25aec55600&gt;: Failed to establish a new connection: [Errno 111] Connection refused'))</status>
</test>
<kw name="Close Browser" library="SeleniumLibrary" type="TEARDOWN">
<doc>Closes the current browser.</doc>
<status status="PASS" starttime="20241114 14:20:09.138" endtime="20241114 14:20:09.697"/>
</kw>
<status status="FAIL" starttime="20241114 14:20:08.531" endtime="20241114 14:20:09.697"/>
</suite>
<status status="FAIL" starttime="20241114 14:19:53.612" endtime="20241114 14:20:09.699"/>
</suite>
<statistics>
<total>
<stat pass="2" fail="11" skip="0">All Tests</stat>
</total>
<tag>
</tag>
<suite>
<stat pass="2" fail="11" skip="0" id="s1" name="Tests">Tests</stat>
<stat pass="2" fail="0" skip="0" id="s1-s1" name="Home">Tests.Home</stat>
<stat pass="0" fail="3" skip="0" id="s1-s2" name="Login">Tests.Login</stat>
<stat pass="0" fail="8" skip="0" id="s1-s3" name="Register">Tests.Register</stat>
</suite>
</statistics>
<errors>
<msg timestamp="20241114 14:19:53.927" level="WARN">The chromedriver version (130.0.6723.91) detected in PATH at /usr/bin/chromedriver might not be compatible with the detected chrome version (131.0.6778.69); currently, chromedriver 131.0.6778.69 is recommended for chrome 131.*, so it is advised to delete the driver in PATH and retry</msg>
<msg timestamp="20241114 14:20:00.399" level="WARN">The chromedriver version (130.0.6723.91) detected in PATH at /usr/bin/chromedriver might not be compatible with the detected chrome version (131.0.6778.69); currently, chromedriver 131.0.6778.69 is recommended for chrome 131.*, so it is advised to delete the driver in PATH and retry</msg>
<msg timestamp="20241114 14:20:08.612" level="WARN">The chromedriver version (130.0.6723.91) detected in PATH at /usr/bin/chromedriver might not be compatible with the detected chrome version (131.0.6778.69); currently, chromedriver 131.0.6778.69 is recommended for chrome 131.*, so it is advised to delete the driver in PATH and retry</msg>
</errors>
</robot>
